This file contains any messages produced by compilers while
running configure, to aid debugging if configure makes a mistake.

It was created by udis86 configure 1.7.2, which was
generated by GNU Autoconf 2.69.  Invocation command line was

  $ ./configure 

## --------- ##
## Platform. ##
## --------- ##

hostname = kali
uname -m = x86_64
uname -r = 4.13.0-kali1-amd64
uname -s = Linux
uname -v = #1 SMP Debian 4.13.13-1kali1 (2017-11-17)

/usr/bin/uname -p = unknown
/bin/uname -X     = unknown

/bin/arch              = unknown
/usr/bin/arch -k       = unknown
/usr/convex/getsysinfo = unknown
/usr/bin/hostinfo      = unknown
/bin/machine           = unknown
/usr/bin/oslevel       = unknown
/bin/universe          = unknown

PATH: /usr/local/sbin
PATH: /usr/local/bin
PATH: /usr/sbin
PATH: /usr/bin
PATH: /sbin
PATH: /bin


## ----------- ##
## Core tests. ##
## ----------- ##

configure:2493: checking build system type
configure:2507: result: x86_64-unknown-linux-gnu
configure:2527: checking host system type
configure:2540: result: x86_64-unknown-linux-gnu
configure:2887: checking for a BSD-compatible install
configure:2955: result: /usr/bin/install -c
configure:2966: checking whether build environment is sane
configure:3021: result: yes
configure:3170: checking for a thread-safe mkdir -p
configure:3209: result: /bin/mkdir -p
configure:3216: checking for gawk
configure:3232: found /usr/bin/gawk
configure:3243: result: gawk
configure:3254: checking whether make sets $(MAKE)
configure:3276: result: yes
configure:3305: checking whether make supports nested variables
configure:3322: result: yes
configure:3463: checking for gcc
configure:3479: found /usr/bin/gcc
configure:3490: result: gcc
configure:3719: checking for C compiler version
configure:3728: gcc --version >&5
gcc (Debian 8.3.0-2) 8.3.0
Copyright (C) 2018 Free Software Foundation, Inc.
This is free software; see the source for copying conditions.  There is NO
warranty; not even for MERCHANTABILITY or FITNESS FOR A PARTICULAR PURPOSE.

configure:3739: $? = 0
configure:3728: gcc -v >&5
Using built-in specs.
COLLECT_GCC=gcc
COLLECT_LTO_WRAPPER=/usr/lib/gcc/x86_64-linux-gnu/8/lto-wrapper
OFFLOAD_TARGET_NAMES=nvptx-none
OFFLOAD_TARGET_DEFAULT=1
Target: x86_64-linux-gnu
Configured with: ../src/configure -v --with-pkgversion='Debian 8.3.0-2' --with-bugurl=file:///usr/share/doc/gcc-8/README.Bugs --enable-languages=c,ada,c++,go,brig,d,fortran,objc,obj-c++ --prefix=/usr --with-gcc-major-version-only --program-suffix=-8 --program-prefix=x86_64-linux-gnu- --enable-shared --enable-linker-build-id --libexecdir=/usr/lib --without-included-gettext --enable-threads=posix --libdir=/usr/lib --enable-nls --enable-bootstrap --enable-clocale=gnu --enable-libstdcxx-debug --enable-libstdcxx-time=yes --with-default-libstdcxx-abi=new --enable-gnu-unique-object --disable-vtable-verify --enable-libmpx --enable-plugin --enable-default-pie --with-system-zlib --with-target-system-zlib --enable-objc-gc=auto --enable-multiarch --disable-werror --with-arch-32=i686 --with-abi=m64 --with-multilib-list=m32,m64,mx32 --enable-multilib --with-tune=generic --enable-offload-targets=nvptx-none --without-cuda-driver --enable-checking=release --build=x86_64-linux-gnu --host=x86_64-linux-gnu --target=x86_64-linux-gnu
Thread model: posix
gcc version 8.3.0 (Debian 8.3.0-2) 
configure:3739: $? = 0
configure:3728: gcc -V >&5
gcc: error: unrecognized command line option '-V'
gcc: fatal error: no input files
compilation terminated.
configure:3739: $? = 1
configure:3728: gcc -qversion >&5
gcc: error: unrecognized command line option '-qversion'; did you mean '--version'?
gcc: fatal error: no input files
compilation terminated.
configure:3739: $? = 1
configure:3759: checking whether the C compiler works
configure:3781: gcc    conftest.c  >&5
configure:3785: $? = 0
configure:3833: result: yes
configure:3836: checking for C compiler default output file name
configure:3838: result: a.out
configure:3844: checking for suffix of executables
configure:3851: gcc -o conftest    conftest.c  >&5
configure:3855: $? = 0
configure:3877: result: 
configure:3899: checking whether we are cross compiling
configure:3907: gcc -o conftest    conftest.c  >&5
configure:3911: $? = 0
configure:3918: ./conftest
configure:3922: $? = 0
configure:3910: result: no
configure:3915: checking for suffix of object files
configure:3937: gcc -c   conftest.c >&5
configure:3941: $? = 0
configure:3962: result: o
configure:3966: checking whether we are using the GNU C compiler
configure:3985: gcc -c   conftest.c >&5
configure:3985: $? = 0
configure:3994: result: yes
configure:4003: checking whether gcc accepts -g
configure:4023: gcc -c -g  conftest.c >&5
configure:4023: $? = 0
configure:4064: result: yes
configure:4081: checking for gcc option to accept ISO C89
configure:4144: gcc  -c -g -O2  conftest.c >&5
configure:4144: $? = 0
configure:4157: result: none needed
configure:4188: checking for style of include used by make
configure:4216: result: GNU
configure:4242: checking dependency style of gcc
configure:4353: result: gcc3
configure:4445: checking how to print strings
configure:4472: result: printf
configure:4493: checking for a sed that does not truncate output
configure:4557: result: /bin/sed
configure:4575: checking for grep that handles long lines and -e
configure:4633: result: /bin/grep
configure:4638: checking for egrep
configure:4700: result: /bin/grep -E
configure:4705: checking for fgrep
configure:4767: result: /bin/grep -F
configure:4802: checking for ld used by gcc
configure:4869: result: /usr/bin/ld
configure:4876: checking if the linker (/usr/bin/ld) is GNU ld
configure:4891: result: yes
configure:4903: checking for BSD- or MS-compatible name lister (nm)
configure:4952: result: /usr/bin/nm -B
configure:5082: checking the name lister (/usr/bin/nm -B) interface
configure:5089: gcc -c -g -O2  conftest.c >&5
configure:5092: /usr/bin/nm -B "conftest.o"
configure:5095: output
0000000000000000 B some_variable
configure:5096: result: BSD nm
configure:5099: checking whether ln -s works
configure:5103: result: yes
configure:5111: checking the maximum length of command line arguments
configure:5241: result: 1572864
configure:5258: checking whether the shell understands some XSI constructs
configure:5267: result: yes
configure:5271: checking whether the shell understands "+="
configure:5275: result: yes
configure:5310: checking how to convert x86_64-unknown-linux-gnu file names to x86_64-unknown-linux-gnu format
configure:5350: result: func_convert_file_noop
configure:5357: checking how to convert x86_64-unknown-linux-gnu file names to toolchain format
configure:5377: result: func_convert_file_noop
configure:5384: checking for /usr/bin/ld option to reload object files
configure:5391: result: -r
configure:5465: checking for objdump
configure:5481: found /usr/bin/objdump
configure:5492: result: objdump
configure:5521: checking how to recognize dependent libraries
configure:5723: result: pass_all
configure:5808: checking for dlltool
configure:5838: result: no
configure:5865: checking how to associate runtime and link libraries
configure:5892: result: printf %s\n
configure:5953: checking for ar
configure:5969: found /usr/bin/ar
configure:5980: result: ar
configure:6017: checking for archiver @FILE support
configure:6034: gcc -c -g -O2  conftest.c >&5
configure:6034: $? = 0
configure:6037: ar cru libconftest.a @conftest.lst >&5
ar: `u' modifier ignored since `D' is the default (see `U')
configure:6040: $? = 0
configure:6045: ar cru libconftest.a @conftest.lst >&5
ar: `u' modifier ignored since `D' is the default (see `U')
ar: conftest.o: No such file or directory
configure:6048: $? = 1
configure:6047: result: @
configure:6105: checking for strip
configure:6121: found /usr/bin/strip
configure:6132: result: strip
configure:6204: checking for ranlib
configure:6220: found /usr/bin/ranlib
configure:6231: result: ranlib
configure:6333: checking command to parse /usr/bin/nm -B output from gcc object
configure:6453: gcc -c -g -O2  conftest.c >&5
configure:6456: $? = 0
configure:6460: /usr/bin/nm -B conftest.o \| sed -n -e 's/^.*[ ]\([ABCDGIRSTW][ABCDGIRSTW]*\)[ ][ ]*\([_A-Za-z][_A-Za-z0-9]*\)$/\1 \2 \2/p' | sed '/ __gnu_lto/d' \> conftest.nm
configure:6463: $? = 0
configure:6529: gcc -o conftest -g -O2   conftest.c conftstm.o >&5
configure:6532: $? = 0
configure:6570: result: ok
configure:6607: checking for sysroot
configure:6637: result: no
configure:6714: gcc -c -g -O2  conftest.c >&5
configure:6717: $? = 0
configure:6893: checking for mt
configure:6909: found /bin/mt
configure:6920: result: mt
configure:6943: checking if mt is a manifest tool
configure:6949: mt '-?'
configure:6957: result: no
configure:7599: checking how to run the C preprocessor
configure:7630: gcc -E  conftest.c
configure:7630: $? = 0
configure:7644: gcc -E  conftest.c
conftest.c:11:10: fatal error: ac_nonexistent.h: No such file or directory
 #include <ac_nonexistent.h>
          ^~~~~~~~~~~~~~~~~~
compilation terminated.
configure:7644: $? = 1
configure: failed program was:
| /* confdefs.h */
| #define PACKAGE_NAME "udis86"
| #define PACKAGE_TARNAME "udis86"
| #define PACKAGE_VERSION "1.7.2"
| #define PACKAGE_STRING "udis86 1.7.2"
| #define PACKAGE_BUGREPORT "vivek.mt@gmail.com"
| #define PACKAGE_URL ""
| #define PACKAGE "udis86"
| #define VERSION "1.7.2"
| /* end confdefs.h.  */
| #include <ac_nonexistent.h>
configure:7669: result: gcc -E
configure:7689: gcc -E  conftest.c
configure:7689: $? = 0
configure:7703: gcc -E  conftest.c
conftest.c:11:10: fatal error: ac_nonexistent.h: No such file or directory
 #include <ac_nonexistent.h>
          ^~~~~~~~~~~~~~~~~~
compilation terminated.
configure:7703: $? = 1
configure: failed program was:
| /* confdefs.h */
| #define PACKAGE_NAME "udis86"
| #define PACKAGE_TARNAME "udis86"
| #define PACKAGE_VERSION "1.7.2"
| #define PACKAGE_STRING "udis86 1.7.2"
| #define PACKAGE_BUGREPORT "vivek.mt@gmail.com"
| #define PACKAGE_URL ""
| #define PACKAGE "udis86"
| #define VERSION "1.7.2"
| /* end confdefs.h.  */
| #include <ac_nonexistent.h>
configure:7732: checking for ANSI C header files
configure:7752: gcc -c -g -O2  conftest.c >&5
configure:7752: $? = 0
configure:7825: gcc -o conftest -g -O2   conftest.c  >&5
configure:7825: $? = 0
configure:7825: ./conftest
configure:7825: $? = 0
configure:7836: result: yes
configure:7849: checking for sys/types.h
configure:7849: gcc -c -g -O2  conftest.c >&5
configure:7849: $? = 0
configure:7849: result: yes
configure:7849: checking for sys/stat.h
configure:7849: gcc -c -g -O2  conftest.c >&5
configure:7849: $? = 0
configure:7849: result: yes
configure:7849: checking for stdlib.h
configure:7849: gcc -c -g -O2  conftest.c >&5
configure:7849: $? = 0
configure:7849: result: yes
configure:7849: checking for string.h
configure:7849: gcc -c -g -O2  conftest.c >&5
configure:7849: $? = 0
configure:7849: result: yes
configure:7849: checking for memory.h
configure:7849: gcc -c -g -O2  conftest.c >&5
configure:7849: $? = 0
configure:7849: result: yes
configure:7849: checking for strings.h
configure:7849: gcc -c -g -O2  conftest.c >&5
configure:7849: $? = 0
configure:7849: result: yes
configure:7849: checking for inttypes.h
configure:7849: gcc -c -g -O2  conftest.c >&5
configure:7849: $? = 0
configure:7849: result: yes
configure:7849: checking for stdint.h
configure:7849: gcc -c -g -O2  conftest.c >&5
configure:7849: $? = 0
configure:7849: result: yes
configure:7849: checking for unistd.h
configure:7849: gcc -c -g -O2  conftest.c >&5
configure:7849: $? = 0
configure:7849: result: yes
configure:7863: checking for dlfcn.h
configure:7863: gcc -c -g -O2  conftest.c >&5
configure:7863: $? = 0
configure:7863: result: yes
configure:8037: checking for objdir
configure:8052: result: .libs
configure:8323: checking if gcc supports -fno-rtti -fno-exceptions
configure:8341: gcc -c -g -O2  -fno-rtti -fno-exceptions conftest.c >&5
cc1: warning: command line option '-fno-rtti' is valid for C++/ObjC++ but not for C
configure:8345: $? = 0
configure:8358: result: no
configure:8685: checking for gcc option to produce PIC
configure:8692: result: -fPIC -DPIC
configure:8700: checking if gcc PIC flag -fPIC -DPIC works
configure:8718: gcc -c -g -O2  -fPIC -DPIC -DPIC conftest.c >&5
configure:8722: $? = 0
configure:8735: result: yes
configure:8764: checking if gcc static flag -static works
configure:8792: result: yes
configure:8807: checking if gcc supports -c -o file.o
configure:8828: gcc -c -g -O2  -o out/conftest2.o conftest.c >&5
configure:8832: $? = 0
configure:8854: result: yes
configure:8862: checking if gcc supports -c -o file.o
configure:8909: result: yes
configure:8942: checking whether the gcc linker (/usr/bin/ld -m elf_x86_64) supports shared libraries
configure:10095: result: yes
configure:10335: checking dynamic linker characteristics
configure:10846: gcc -o conftest -g -O2   -Wl,-rpath -Wl,/foo conftest.c  >&5
configure:10846: $? = 0
configure:11068: result: GNU/Linux ld.so
configure:11175: checking how to hardcode library paths into programs
configure:11200: result: immediate
configure:11740: checking whether stripping libraries is possible
configure:11745: result: yes
configure:11780: checking if libtool supports shared libraries
configure:11782: result: yes
configure:11785: checking whether to build shared libraries
configure:11806: result: no
configure:11809: checking whether to build static libraries
configure:11813: result: yes
configure:8889: checking whether gcc and cc understand -c and -o together
configure:8920: gcc -c conftest.c -o conftest2.o >&5
configure:8924: $? = 0
configure:8930: gcc -c conftest.c -o conftest2.o >&5
configure:8934: $? = 0
configure:8945: cc -c conftest.c >&5
configure:8949: $? = 0
configure:8957: cc -c conftest.c -o conftest2.o >&5
configure:8961: $? = 0
configure:8967: cc -c conftest.c -o conftest2.o >&5
configure:8971: $? = 0
configure:8989: result: yes
configure:9034: checking whether python executable path has been provided
configure:9100: result: no
configure:9104: checking for python
configure:9122: found /usr/bin/python
configure:9134: result: /usr/bin/python
configure:9171: checking whether yasm executable path has been provided
configure:9237: result: no
configure:9241: checking for yasm
configure:9259: found /usr/bin/yasm
configure:9271: result: /usr/bin/yasm
configure:9299: checking for yasm version
configure:9304: result: 1.3.0
configure:9383: checking whether sphinx-build executable path has been provided
configure:9449: result: no
configure:9453: checking for sphinx-build
configure:9486: result: no
configure:9567: WARNING: could not find the sphinx documentation tool
configure:9585: checking assert.h usability
configure:9585: gcc -c -g -O2 -Wall  conftest.c >&5
configure:9585: $? = 0
configure:9585: result: yes
configure:9585: checking assert.h presence
configure:9585: gcc -E  conftest.c
configure:9585: $? = 0
configure:9585: result: yes
configure:9585: checking for assert.h
configure:9585: result: yes
configure:9585: checking stdio.h usability
configure:9585: gcc -c -g -O2 -Wall  conftest.c >&5
configure:9585: $? = 0
configure:9585: result: yes
configure:9585: checking stdio.h presence
configure:9585: gcc -E  conftest.c
configure:9585: $? = 0
configure:9585: result: yes
configure:9585: checking for stdio.h
configure:9585: result: yes
configure:9700: checking that generated files are newer than configure
configure:9706: result: done
configure:9741: creating ./config.status

## ---------------------- ##
## Running config.status. ##
## ---------------------- ##

This file was extended by udis86 config.status 1.7.2, which was
generated by GNU Autoconf 2.69.  Invocation command line was

  CONFIG_FILES    = 
  CONFIG_HEADERS  = 
  CONFIG_LINKS    = 
  CONFIG_COMMANDS = 
  $ ./config.status 

on kali

config.status:1100: creating Makefile
config.status:1100: creating scripts/Makefile
config.status:1100: creating libudis86/Makefile
config.status:1100: creating udcli/Makefile
config.status:1100: creating tests/Makefile
config.status:1100: creating docs/Makefile
config.status:1100: creating docs/manual/Makefile
config.status:1100: creating docs/x86/Makefile
config.status:1100: creating tests/difftest.sh
config.status:1100: creating config.h
config.status:1329: executing depfiles commands
config.status:1329: executing libtool commands

## ---------------- ##
## Cache variables. ##
## ---------------- ##

ac_cv_build=x86_64-unknown-linux-gnu
ac_cv_c_compiler_gnu=yes
ac_cv_env_CC_set=
ac_cv_env_CC_value=
ac_cv_env_CFLAGS_set=
ac_cv_env_CFLAGS_value=
ac_cv_env_CPPFLAGS_set=
ac_cv_env_CPPFLAGS_value=
ac_cv_env_CPP_set=
ac_cv_env_CPP_value=
ac_cv_env_LDFLAGS_set=
ac_cv_env_LDFLAGS_value=
ac_cv_env_LIBS_set=
ac_cv_env_LIBS_value=
ac_cv_env_PYTHON_set=
ac_cv_env_PYTHON_value=
ac_cv_env_SPHINX_BUILD_set=
ac_cv_env_SPHINX_BUILD_value=
ac_cv_env_YASM_set=
ac_cv_env_YASM_value=
ac_cv_env_build_alias_set=
ac_cv_env_build_alias_value=
ac_cv_env_host_alias_set=
ac_cv_env_host_alias_value=
ac_cv_env_target_alias_set=
ac_cv_env_target_alias_value=
ac_cv_header_assert_h=yes
ac_cv_header_dlfcn_h=yes
ac_cv_header_inttypes_h=yes
ac_cv_header_memory_h=yes
ac_cv_header_stdc=yes
ac_cv_header_stdint_h=yes
ac_cv_header_stdio_h=yes
ac_cv_header_stdlib_h=yes
ac_cv_header_string_h=yes
ac_cv_header_strings_h=yes
ac_cv_header_sys_stat_h=yes
ac_cv_header_sys_types_h=yes
ac_cv_header_unistd_h=yes
ac_cv_host=x86_64-unknown-linux-gnu
ac_cv_objext=o
ac_cv_path_EGREP='/bin/grep -E'
ac_cv_path_FGREP='/bin/grep -F'
ac_cv_path_GREP=/bin/grep
ac_cv_path_PYTHON=/usr/bin/python
ac_cv_path_SED=/bin/sed
ac_cv_path_YASM=/usr/bin/yasm
ac_cv_path_install='/usr/bin/install -c'
ac_cv_path_mkdir=/bin/mkdir
ac_cv_prog_AWK=gawk
ac_cv_prog_CPP='gcc -E'
ac_cv_prog_ac_ct_AR=ar
ac_cv_prog_ac_ct_CC=gcc
ac_cv_prog_ac_ct_MANIFEST_TOOL=mt
ac_cv_prog_ac_ct_OBJDUMP=objdump
ac_cv_prog_ac_ct_RANLIB=ranlib
ac_cv_prog_ac_ct_STRIP=strip
ac_cv_prog_cc_c89=
ac_cv_prog_cc_g=yes
ac_cv_prog_cc_gcc_c_o=yes
ac_cv_prog_make_make_set=yes
am_cv_CC_dependencies_compiler_type=gcc3
am_cv_make_support_nested_variables=yes
lt_cv_ar_at_file=@
lt_cv_deplibs_check_method=pass_all
lt_cv_file_magic_cmd='$MAGIC_CMD'
lt_cv_file_magic_test_file=
lt_cv_ld_reload_flag=-r
lt_cv_nm_interface='BSD nm'
lt_cv_objdir=.libs
lt_cv_path_LD=/usr/bin/ld
lt_cv_path_NM='/usr/bin/nm -B'
lt_cv_path_mainfest_tool=no
lt_cv_prog_compiler_c_o=yes
lt_cv_prog_compiler_pic='-fPIC -DPIC'
lt_cv_prog_compiler_pic_works=yes
lt_cv_prog_compiler_rtti_exceptions=no
lt_cv_prog_compiler_static_works=yes
lt_cv_prog_gnu_ld=yes
lt_cv_sharedlib_from_linklib_cmd='printf %s\n'
lt_cv_shlibpath_overrides_runpath=yes
lt_cv_sys_global_symbol_pipe='sed -n -e '\''s/^.*[	 ]\([ABCDGIRSTW][ABCDGIRSTW]*\)[	 ][	 ]*\([_A-Za-z][_A-Za-z0-9]*\)$/\1 \2 \2/p'\'' | sed '\''/ __gnu_lto/d'\'''
lt_cv_sys_global_symbol_to_c_name_address='sed -n -e '\''s/^: \([^ ]*\)[ ]*$/  {\"\1\", (void *) 0},/p'\'' -e '\''s/^[ABCDGIRSTW]* \([^ ]*\) \([^ ]*\)$/  {"\2", (void *) \&\2},/p'\'''
lt_cv_sys_global_symbol_to_c_name_address_lib_prefix='sed -n -e '\''s/^: \([^ ]*\)[ ]*$/  {\"\1\", (void *) 0},/p'\'' -e '\''s/^[ABCDGIRSTW]* \([^ ]*\) \(lib[^ ]*\)$/  {"\2", (void *) \&\2},/p'\'' -e '\''s/^[ABCDGIRSTW]* \([^ ]*\) \([^ ]*\)$/  {"lib\2", (void *) \&\2},/p'\'''
lt_cv_sys_global_symbol_to_cdecl='sed -n -e '\''s/^T .* \(.*\)$/extern int \1();/p'\'' -e '\''s/^[ABCDGIRSTW]* .* \(.*\)$/extern char \1;/p'\'''
lt_cv_sys_max_cmd_len=1572864
lt_cv_to_host_file_cmd=func_convert_file_noop
lt_cv_to_tool_file_cmd=func_convert_file_noop

## ----------------- ##
## Output variables. ##
## ----------------- ##

ACLOCAL='${SHELL} /home/jerzy/.local/lib/Forthx64-3.0-yasm-Source-010319/Udis86/udis86-1.7.2-Forthx64/build/missing aclocal-1.13'
ACLOCAL_AMFLAGS='-I  ${ACLOCAL_FLAGS}'
AMDEPBACKSLASH='\'
AMDEP_FALSE='#'
AMDEP_TRUE=''
AMTAR='$${TAR-tar}'
AM_BACKSLASH='\'
AM_DEFAULT_V='$(AM_DEFAULT_VERBOSITY)'
AM_DEFAULT_VERBOSITY='1'
AM_V='$(V)'
AR='ar'
AS=''
AUTOCONF='${SHELL} /home/jerzy/.local/lib/Forthx64-3.0-yasm-Source-010319/Udis86/udis86-1.7.2-Forthx64/build/missing autoconf'
AUTOHEADER='${SHELL} /home/jerzy/.local/lib/Forthx64-3.0-yasm-Source-010319/Udis86/udis86-1.7.2-Forthx64/build/missing autoheader'
AUTOMAKE='${SHELL} /home/jerzy/.local/lib/Forthx64-3.0-yasm-Source-010319/Udis86/udis86-1.7.2-Forthx64/build/missing automake-1.13'
AWK='gawk'
CC='gcc'
CCDEPMODE='depmode=gcc3'
CFLAGS='-g -O2 -Wall'
CPP='gcc -E'
CPPFLAGS=''
CYGPATH_W='echo'
DEFS='-DHAVE_CONFIG_H'
DEPDIR='.deps'
DLLTOOL='false'
DSYMUTIL=''
DUMPBIN=''
ECHO_C=''
ECHO_N='-n'
ECHO_T=''
EGREP='/bin/grep -E'
EXEEXT=''
FGREP='/bin/grep -F'
GREP='/bin/grep'
HAVE_SPHINX_DOC_FALSE=''
HAVE_SPHINX_DOC_TRUE='#'
HAVE_YASM_FALSE='#'
HAVE_YASM_TRUE=''
INSTALL_DATA='${INSTALL} -m 644'
INSTALL_PROGRAM='${INSTALL}'
INSTALL_SCRIPT='${INSTALL}'
INSTALL_STRIP_PROGRAM='$(install_sh) -c -s'
LD='/usr/bin/ld -m elf_x86_64'
LDFLAGS=''
LIBOBJS=''
LIBS=''
LIBTOOL='$(SHELL) $(top_builddir)/libtool'
LIPO=''
LN_S='ln -s'
LTLIBOBJS=''
MAKEINFO='${SHELL} /home/jerzy/.local/lib/Forthx64-3.0-yasm-Source-010319/Udis86/udis86-1.7.2-Forthx64/build/missing makeinfo'
MANIFEST_TOOL=':'
MKDIR_P='/bin/mkdir -p'
NM='/usr/bin/nm -B'
NMEDIT=''
OBJDUMP='objdump'
OBJEXT='o'
OTOOL64=''
OTOOL=''
PACKAGE='udis86'
PACKAGE_BUGREPORT='vivek.mt@gmail.com'
PACKAGE_NAME='udis86'
PACKAGE_STRING='udis86 1.7.2'
PACKAGE_TARNAME='udis86'
PACKAGE_URL=''
PACKAGE_VERSION='1.7.2'
PATH_SEPARATOR=':'
PYTHON='/usr/bin/python'
RANLIB='ranlib'
SED='/bin/sed'
SET_MAKE=''
SHELL='/bin/bash'
SPHINX_BUILD=''
SPHINX_VERSION=''
STRIP='strip'
TARGET_WINDOWS_FALSE=''
TARGET_WINDOWS_TRUE='#'
VERSION='1.7.2'
YASM='/usr/bin/yasm'
YASM_VERSION='1.3.0'
ac_ct_AR='ar'
ac_ct_CC='gcc'
ac_ct_DUMPBIN=''
am__EXEEXT_FALSE=''
am__EXEEXT_TRUE='#'
am__fastdepCC_FALSE='#'
am__fastdepCC_TRUE=''
am__include='include'
am__isrc=''
am__leading_dot='.'
am__nodep='_no'
am__quote=''
am__tar='$${TAR-tar} chof - "$$tardir"'
am__untar='$${TAR-tar} xf -'
bindir='${exec_prefix}/bin'
build='x86_64-unknown-linux-gnu'
build_alias=''
build_cpu='x86_64'
build_os='linux-gnu'
build_vendor='unknown'
datadir='${datarootdir}'
datarootdir='${prefix}/share'
docdir='${datarootdir}/doc/${PACKAGE_TARNAME}'
dvidir='${docdir}'
exec_prefix='${prefix}'
host='x86_64-unknown-linux-gnu'
host_alias=''
host_cpu='x86_64'
host_os='linux-gnu'
host_vendor='unknown'
htmldir='${docdir}'
includedir='${prefix}/include'
infodir='${datarootdir}/info'
install_sh='${SHELL} /home/jerzy/.local/lib/Forthx64-3.0-yasm-Source-010319/Udis86/udis86-1.7.2-Forthx64/build/install-sh'
libdir='${exec_prefix}/lib'
libexecdir='${exec_prefix}/libexec'
localedir='${datarootdir}/locale'
localstatedir='${prefix}/var'
mandir='${datarootdir}/man'
mkdir_p='$(MKDIR_P)'
oldincludedir='/usr/include'
pdfdir='${docdir}'
prefix='/usr/local'
program_transform_name='s,x,x,'
psdir='${docdir}'
sbindir='${exec_prefix}/sbin'
sharedstatedir='${prefix}/com'
sysconfdir='${prefix}/etc'
target_alias=''

## ----------- ##
## confdefs.h. ##
## ----------- ##

/* confdefs.h */
#define PACKAGE_NAME "udis86"
#define PACKAGE_TARNAME "udis86"
#define PACKAGE_VERSION "1.7.2"
#define PACKAGE_STRING "udis86 1.7.2"
#define PACKAGE_BUGREPORT "vivek.mt@gmail.com"
#define PACKAGE_URL ""
#define PACKAGE "udis86"
#define VERSION "1.7.2"
#define STDC_HEADERS 1
#define HAVE_SYS_TYPES_H 1
#define HAVE_SYS_STAT_H 1
#define HAVE_STDLIB_H 1
#define HAVE_STRING_H 1
#define HAVE_MEMORY_H 1
#define HAVE_STRINGS_H 1
#define HAVE_INTTYPES_H 1
#define HAVE_STDINT_H 1
#define HAVE_UNISTD_H 1
#define HAVE_DLFCN_H 1
#define LT_OBJDIR ".libs/"
#define HAVE_ASSERT_H 1
#define HAVE_STDIO_H 1

configure: exit 0
